TN:
SF:tests/integration/helpers/httpClient.js
FN:21,httpJson
FN:31,(anonymous_1)
FN:49,(anonymous_2)
FNF:3
FNH:2
FNDA:12,httpJson
FNDA:0,(anonymous_1)
FNDA:168,(anonymous_2)
DA:22,12
DA:23,12
DA:29,12
DA:30,12
DA:31,12
DA:35,12
DA:36,4
DA:37,4
DA:40,12
DA:41,12
DA:48,12
DA:49,12
DA:50,168
DA:53,12
DA:54,12
DA:55,12
DA:56,12
DA:57,12
DA:59,0
DA:63,12
DA:65,12
DA:69,1
LF:22
LH:21
BRDA:21,0,0,0
BRDA:22,1,0,12
BRDA:22,1,1,0
BRDA:23,2,0,12
BRDA:23,2,1,12
BRDA:29,3,0,12
BRDA:29,3,1,0
BRDA:29,4,0,12
BRDA:29,4,1,12
BRDA:35,5,0,4
BRDA:35,5,1,8
BRDA:36,6,0,4
BRDA:36,6,1,4
BRDA:37,7,0,0
BRDA:37,7,1,4
BRDA:45,8,0,12
BRDA:45,8,1,0
BRDA:55,9,0,12
BRDA:55,9,1,0
BRDA:65,10,0,12
BRDA:65,10,1,0
BRF:21
BRH:14
end_of_record
