TN:
SF:src/config.js
FN:35,loadConfig
FN:47,(anonymous_1)
FNF:2
FNH:2
FNDA:1,loadConfig
FNDA:1,(anonymous_1)
DA:36,1
DA:37,1
DA:38,1
DA:39,1
DA:41,1
DA:42,1
DA:43,1
DA:45,1
DA:47,1
DA:50,1
DA:51,1
DA:53,1
DA:54,1
DA:57,1
DA:58,1
DA:60,1
DA:61,1
DA:62,1
DA:64,1
DA:66,1
DA:95,1
LF:21
LH:21
BRDA:36,0,0,1
BRDA:36,0,1,1
BRDA:37,1,0,1
BRDA:37,1,1,1
BRDA:38,2,0,1
BRDA:38,2,1,1
BRDA:39,3,0,1
BRDA:39,3,1,1
BRDA:41,4,0,1
BRDA:41,4,1,1
BRDA:42,5,0,1
BRDA:42,5,1,1
BRDA:43,6,0,1
BRDA:43,6,1,1
BRDA:45,7,0,1
BRDA:45,7,1,1
BRDA:50,8,0,1
BRDA:50,8,1,1
BRDA:51,9,0,1
BRDA:51,9,1,1
BRDA:53,10,0,1
BRDA:53,10,1,1
BRDA:54,11,0,1
BRDA:54,11,1,1
BRDA:57,12,0,1
BRDA:57,12,1,1
BRDA:58,13,0,1
BRDA:58,13,1,1
BRDA:60,14,0,1
BRDA:60,14,1,1
BRDA:61,15,0,1
BRDA:61,15,1,1
BRDA:62,16,0,1
BRDA:62,16,1,1
BRDA:64,17,0,1
BRDA:64,17,1,1
BRDA:73,18,0,0
BRDA:73,18,1,1
BRF:38
BRH:37
end_of_record
TN:
SF:tests/integration/helpers/httpClient.js
FN:21,httpJson
FN:31,(anonymous_1)
FN:49,(anonymous_2)
FNF:3
FNH:1
FNDA:3,httpJson
FNDA:0,(anonymous_1)
FNDA:0,(anonymous_2)
DA:22,3
DA:23,3
DA:29,3
DA:30,3
DA:31,3
DA:35,3
DA:36,3
DA:37,3
DA:40,3
DA:41,3
DA:48,0
DA:49,0
DA:50,0
DA:53,0
DA:54,0
DA:55,0
DA:56,0
DA:57,0
DA:59,0
DA:63,0
DA:65,3
DA:69,1
LF:22
LH:12
BRDA:21,0,0,0
BRDA:22,1,0,3
BRDA:22,1,1,0
BRDA:23,2,0,3
BRDA:23,2,1,3
BRDA:29,3,0,3
BRDA:29,3,1,0
BRDA:29,4,0,3
BRDA:29,4,1,3
BRDA:35,5,0,3
BRDA:35,5,1,0
BRDA:36,6,0,3
BRDA:36,6,1,3
BRDA:37,7,0,0
BRDA:37,7,1,3
BRDA:45,8,0,3
BRDA:45,8,1,0
BRDA:55,9,0,0
BRDA:55,9,1,0
BRDA:65,10,0,3
BRDA:65,10,1,0
BRF:21
BRH:12
end_of_record
